<?xml version="1.0" encoding="UTF-8"?>
<!-- Generated by org.testng.reporters.JUnitXMLReporter -->
<testsuite ignored="2" hostname="DESKTOP-08V9D63" failures="0" tests="2" name="ChromeTest" time="10.578" errors="0" timestamp="2024-12-09T12:33:33 IST">
  <testcase classname="testScript.LoginTest" name="verifyTheUserIsAbleToLoginUsingValidCredentials" time="1.639"/>
  <testcase classname="testScript.LoginTest" name="validateTheUserIsNotAbleToLoginUsingInvalidCredentials" time="0.657"/>
  <testcase classname="testScript.LoginTest" name="verifyTheUserIsNotAbleToLoginWithIncorrectUsernameAndCorrectPassword" time="0.0">
    <ignored/>
  </testcase> <!-- verifyTheUserIsNotAbleToLoginWithIncorrectUsernameAndCorrectPassword -->
  <testcase classname="testScript.LoginTest" name="verifyTheUserIsNotAbleToLoginWithCorrectUsernameAndIncorrectPassword" time="0.0">
    <ignored/>
  </testcase> <!-- verifyTheUserIsNotAbleToLoginWithCorrectUsernameAndIncorrectPassword -->
</testsuite> <!-- ChromeTest -->
