<?xml version="1.0" encoding="UTF-8"?>
<!-- Generated by org.testng.reporters.JUnitXMLReporter -->
<testsuite ignored="3" hostname="DESKTOP-08V9D63" failures="0" tests="1" name="EdgeTest" time="21.574" errors="0" timestamp="2024-12-09T12:19:22 IST">
  <testcase classname="testScript.LoginTest" name="verifyTheUserIsAbleToLoginUsingValidCredentials" time="5.63"/>
  <testcase classname="testScript.LoginTest" name="verifyTheUserIsNotAbleToLoginWithIncorrectUsernameAndCorrectPassword" time="0.0">
    <ignored/>
  </testcase> <!-- verifyTheUserIsNotAbleToLoginWithIncorrectUsernameAndCorrectPassword -->
  <testcase classname="testScript.LoginTest" name="verifyTheUserIsNotAbleToLoginWithCorrectUsernameAndIncorrectPassword" time="0.0">
    <ignored/>
  </testcase> <!-- verifyTheUserIsNotAbleToLoginWithCorrectUsernameAndIncorrectPassword -->
  <testcase classname="testScript.LoginTest" name="validateTheUserIsNotAbleToLoginUsingInvalidCredentials" time="0.0">
    <ignored/>
  </testcase> <!-- validateTheUserIsNotAbleToLoginUsingInvalidCredentials -->
</testsuite> <!-- EdgeTest -->
