<?xml version="1.0" encoding="UTF-8"?>
<!-- Generated by org.testng.reporters.JUnitXMLReporter -->
<testsuite ignored="3" hostname="DESKTOP-08V9D63" failures="0" tests="1" name="Test" time="6.532" errors="0" timestamp="2024-12-09T12:50:16 IST">
  <testcase classname="testScript.LoginTest" name="verifyTheUserIsAbleToLoginUsingValidCredentials" time="1.865"/>
  <testcase classname="testScript.LoginTest" name="validateTheUserIsNotAbleToLoginUsingInvalidCredentials" time="0.0">
    <ignored/>
  </testcase> <!-- validateTheUserIsNotAbleToLoginUsingInvalidCredentials -->
  <testcase classname="testScript.LoginTest" name="verifyTheUserIsNotAbleToLoginWithIncorrectUsernameAndCorrectPassword" time="0.0">
    <ignored/>
  </testcase> <!-- verifyTheUserIsNotAbleToLoginWithIncorrectUsernameAndCorrectPassword -->
  <testcase classname="testScript.LoginTest" name="verifyTheUserIsNotAbleToLoginWithCorrectUsernameAndIncorrectPassword" time="0.0">
    <ignored/>
  </testcase> <!-- verifyTheUserIsNotAbleToLoginWithCorrectUsernameAndIncorrectPassword -->
</testsuite> <!-- Test -->
