<?xml version="1.0" encoding="UTF-8"?>
<!-- Generated by org.testng.reporters.JUnitXMLReporter -->
<testsuite ignored="1" hostname="DESKTOP-08V9D63" failures="0" tests="3" name="Test" time="15.32" errors="0" timestamp="2024-12-10T12:45:02 IST">
  <testcase classname="testScript.LoginTest" name="validateTheUserIsNotAbleToLoginUsingInvalidCredentials" time="1.6"/>
  <testcase classname="testScript.LoginTest" name="verifyTheUserIsNotAbleToLoginWithCorrectUsernameAndIncorrectPassword" time="0.72"/>
  <testcase classname="testScript.LoginTest" name="verifyTheUserIsNotAbleToLoginWithIncorrectUsernameAndCorrectPassword" time="0.888"/>
  <testcase classname="testScript.LoginTest" name="verifyTheUserIsAbleToLoginUsingValidCredentials" time="0.0">
    <ignored/>
  </testcase> <!-- verifyTheUserIsAbleToLoginUsingValidCredentials -->
</testsuite> <!-- Test -->
